[2025-04-01 01:43:47] Login page accessed
[2025-04-01 01:43:47] SESSION at start: Array
(
)

[2025-04-01 01:43:47] Database connection: SUCCESS
[2025-04-01 01:43:47] Rendering login form
[2025-04-01 01:43:47] Login page fully rendered
[2025-04-01 01:43:49] Login page accessed
[2025-04-01 01:43:49] SESSION at start: Array
(
)

[2025-04-01 01:43:49] Database connection: SUCCESS
[2025-04-01 01:43:49] Form submitted via POST
[2025-04-01 01:43:49] POST data: Array
(
    [username] => Soul
    [password] => MR=EQ2.z)BxA;Rt
)

[2025-04-01 01:43:49] Username entered: Soul
[2025-04-01 01:43:49] Password entered: NOT EMPTY
[2025-04-01 01:43:49] Username validated: Soul
[2025-04-01 01:43:49] Password provided (not logged for security)
[2025-04-01 01:43:49] Username and password provided, proceeding with validation
[2025-04-01 01:43:49] SQL query: SELECT id, username, password FROM users WHERE username = ?
[2025-04-01 01:43:49] SQL statement prepared successfully
[2025-04-01 01:43:49] Parameter bound: username = Soul
[2025-04-01 01:43:49] Executing SQL statement
[2025-04-01 01:43:49] SQL statement executed successfully
[2025-04-01 01:43:49] Number of matching rows: 1
[2025-04-01 01:43:49] Username found in database
[2025-04-01 01:43:49] Result variables bound
[2025-04-01 01:43:49] Data fetched from statement
[2025-04-01 01:43:49] User ID: 1, Username: Soul
[2025-04-01 01:43:49] Stored hashed password length: 60
[2025-04-01 01:43:49] Attempting password verification
[2025-04-01 01:43:49] Password verification result: SUCCESS
[2025-04-01 01:43:49] Password verified successfully
[2025-04-01 01:43:49] Session variables set: Array
(
    [loggedin] => 1
    [username] => Soul
    [user_id] => 1
)

[2025-04-01 01:43:49] About to redirect to home page
[2025-04-01 11:56:45] Login page accessed
[2025-04-01 11:56:45] SESSION at start: Array
(
)

[2025-04-01 11:56:45] Database connection: SUCCESS
[2025-04-01 11:56:45] Rendering login form
[2025-04-01 11:56:45] Login page fully rendered
[2025-04-01 11:56:46] Login page accessed
[2025-04-01 11:56:46] SESSION at start: Array
(
)

[2025-04-01 11:56:46] Database connection: SUCCESS
[2025-04-01 11:56:46] Form submitted via POST
[2025-04-01 11:56:46] POST data: Array
(
    [username] => Soul
    [password] => MR=EQ2.z)BxA;Rt
)

[2025-04-01 11:56:46] Username entered: Soul
[2025-04-01 11:56:46] Password entered: NOT EMPTY
[2025-04-01 11:56:46] Username validated: Soul
[2025-04-01 11:56:46] Password provided (not logged for security)
[2025-04-01 11:56:46] Username and password provided, proceeding with validation
[2025-04-01 11:56:46] SQL query: SELECT id, username, password FROM users WHERE username = ?
[2025-04-01 11:56:46] SQL statement prepared successfully
[2025-04-01 11:56:46] Parameter bound: username = Soul
[2025-04-01 11:56:46] Executing SQL statement
[2025-04-01 11:56:46] SQL statement executed successfully
[2025-04-01 11:56:46] Number of matching rows: 1
[2025-04-01 11:56:46] Username found in database
[2025-04-01 11:56:46] Result variables bound
[2025-04-01 11:56:46] Data fetched from statement
[2025-04-01 11:56:46] User ID: 1, Username: Soul
[2025-04-01 11:56:46] Stored hashed password length: 60
[2025-04-01 11:56:46] Attempting password verification
[2025-04-01 11:56:46] Password verification result: SUCCESS
[2025-04-01 11:56:46] Password verified successfully
[2025-04-01 11:56:46] Session variables set: Array
(
    [loggedin] => 1
    [username] => Soul
    [user_id] => 1
)

[2025-04-01 11:56:46] About to redirect to home page
[2025-04-01 12:41:46] Login page accessed
[2025-04-01 12:41:46] SESSION at start: Array
(
)

[2025-04-01 12:41:46] Database connection: SUCCESS
[2025-04-01 12:41:46] Rendering login form
[2025-04-01 12:41:46] Login page fully rendered
[2025-04-01 12:41:47] Login page accessed
[2025-04-01 12:41:47] SESSION at start: Array
(
)

[2025-04-01 12:41:47] Database connection: SUCCESS
[2025-04-01 12:41:47] Form submitted via POST
[2025-04-01 12:41:47] POST data: Array
(
    [username] => Soul
    [password] => MR=EQ2.z)BxA;Rt
)

[2025-04-01 12:41:47] Username entered: Soul
[2025-04-01 12:41:47] Password entered: NOT EMPTY
[2025-04-01 12:41:47] Username validated: Soul
[2025-04-01 12:41:47] Password provided (not logged for security)
[2025-04-01 12:41:47] Username and password provided, proceeding with validation
[2025-04-01 12:41:47] SQL query: SELECT id, username, password FROM users WHERE username = ?
[2025-04-01 12:41:47] SQL statement prepared successfully
[2025-04-01 12:41:47] Parameter bound: username = Soul
[2025-04-01 12:41:47] Executing SQL statement
[2025-04-01 12:41:47] SQL statement executed successfully
[2025-04-01 12:41:47] Number of matching rows: 1
[2025-04-01 12:41:47] Username found in database
[2025-04-01 12:41:47] Result variables bound
[2025-04-01 12:41:47] Data fetched from statement
[2025-04-01 12:41:47] User ID: 1, Username: Soul
[2025-04-01 12:41:47] Stored hashed password length: 60
[2025-04-01 12:41:47] Attempting password verification
[2025-04-01 12:41:47] Password verification result: SUCCESS
[2025-04-01 12:41:47] Password verified successfully
[2025-04-01 12:41:47] Session variables set: Array
(
    [loggedin] => 1
    [username] => Soul
    [user_id] => 1
)

[2025-04-01 12:41:47] About to redirect to home page
[2025-04-01 12:48:58] Login page accessed
[2025-04-01 12:48:58] SESSION at start: Array
(
)

[2025-04-01 12:48:58] Database connection: SUCCESS
[2025-04-01 12:48:58] Rendering login form
[2025-04-01 12:48:58] Login page fully rendered
[2025-04-01 12:48:59] Login page accessed
[2025-04-01 12:48:59] SESSION at start: Array
(
)

[2025-04-01 12:48:59] Database connection: SUCCESS
[2025-04-01 12:48:59] Form submitted via POST
[2025-04-01 12:48:59] POST data: Array
(
    [username] => Soul
    [password] => MR=EQ2.z)BxA;Rt
)

[2025-04-01 12:48:59] Username entered: Soul
[2025-04-01 12:48:59] Password entered: NOT EMPTY
[2025-04-01 12:48:59] Username validated: Soul
[2025-04-01 12:48:59] Password provided (not logged for security)
[2025-04-01 12:48:59] Username and password provided, proceeding with validation
[2025-04-01 12:48:59] SQL query: SELECT id, username, password FROM users WHERE username = ?
[2025-04-01 12:48:59] SQL statement prepared successfully
[2025-04-01 12:48:59] Parameter bound: username = Soul
[2025-04-01 12:48:59] Executing SQL statement
[2025-04-01 12:48:59] SQL statement executed successfully
[2025-04-01 12:48:59] Number of matching rows: 1
[2025-04-01 12:48:59] Username found in database
[2025-04-01 12:48:59] Result variables bound
[2025-04-01 12:48:59] Data fetched from statement
[2025-04-01 12:48:59] User ID: 1, Username: Soul
[2025-04-01 12:48:59] Stored hashed password length: 60
[2025-04-01 12:48:59] Attempting password verification
[2025-04-01 12:48:59] Password verification result: SUCCESS
[2025-04-01 12:48:59] Password verified successfully
[2025-04-01 12:48:59] Session variables set: Array
(
    [loggedin] => 1
    [username] => Soul
    [user_id] => 1
)

[2025-04-01 12:48:59] About to redirect to home page
[2025-04-01 12:49:51] Login page accessed
[2025-04-01 12:49:51] SESSION at start: Array
(
)

[2025-04-01 12:49:51] Database connection: SUCCESS
[2025-04-01 12:49:51] Rendering login form
[2025-04-01 12:49:51] Login page fully rendered
[2025-04-01 12:49:52] Login page accessed
[2025-04-01 12:49:52] SESSION at start: Array
(
)

[2025-04-01 12:49:52] Database connection: SUCCESS
[2025-04-01 12:49:52] Form submitted via POST
[2025-04-01 12:49:52] POST data: Array
(
    [username] => Soul
    [password] => MR=EQ2.z)BxA;Rt
)

[2025-04-01 12:49:52] Username entered: Soul
[2025-04-01 12:49:52] Password entered: NOT EMPTY
[2025-04-01 12:49:52] Username validated: Soul
[2025-04-01 12:49:52] Password provided (not logged for security)
[2025-04-01 12:49:52] Username and password provided, proceeding with validation
[2025-04-01 12:49:52] SQL query: SELECT id, username, password FROM users WHERE username = ?
[2025-04-01 12:49:52] SQL statement prepared successfully
[2025-04-01 12:49:52] Parameter bound: username = Soul
[2025-04-01 12:49:52] Executing SQL statement
[2025-04-01 12:49:52] SQL statement executed successfully
[2025-04-01 12:49:52] Number of matching rows: 1
[2025-04-01 12:49:52] Username found in database
[2025-04-01 12:49:52] Result variables bound
[2025-04-01 12:49:52] Data fetched from statement
[2025-04-01 12:49:52] User ID: 1, Username: Soul
[2025-04-01 12:49:52] Stored hashed password length: 60
[2025-04-01 12:49:52] Attempting password verification
[2025-04-01 12:49:53] Password verification result: SUCCESS
[2025-04-01 12:49:53] Password verified successfully
[2025-04-01 12:49:53] Session variables set: Array
(
    [loggedin] => 1
    [username] => Soul
    [user_id] => 1
)

[2025-04-01 12:49:53] About to redirect to home page
[2025-04-01 13:04:56] Login page accessed
[2025-04-01 13:04:56] SESSION at start: Array
(
)

[2025-04-01 13:04:56] Database connection: SUCCESS
[2025-04-01 13:04:56] Rendering login form
[2025-04-01 13:04:56] Login page fully rendered
[2025-04-01 13:04:58] Login page accessed
[2025-04-01 13:04:58] SESSION at start: Array
(
)

[2025-04-01 13:04:58] Database connection: SUCCESS
[2025-04-01 13:04:58] Form submitted via POST
[2025-04-01 13:04:58] POST data: Array
(
    [username] => Soul
    [password] => MR=EQ2.z)BxA;Rt
)

[2025-04-01 13:04:58] Username entered: Soul
[2025-04-01 13:04:58] Password entered: NOT EMPTY
[2025-04-01 13:04:58] Username validated: Soul
[2025-04-01 13:04:58] Password provided (not logged for security)
[2025-04-01 13:04:58] Username and password provided, proceeding with validation
[2025-04-01 13:04:58] SQL query: SELECT id, username, password FROM users WHERE username = ?
[2025-04-01 13:04:58] SQL statement prepared successfully
[2025-04-01 13:04:58] Parameter bound: username = Soul
[2025-04-01 13:04:58] Executing SQL statement
[2025-04-01 13:04:58] SQL statement executed successfully
[2025-04-01 13:04:58] Number of matching rows: 1
[2025-04-01 13:04:58] Username found in database
[2025-04-01 13:04:58] Result variables bound
[2025-04-01 13:04:58] Data fetched from statement
[2025-04-01 13:04:58] User ID: 1, Username: Soul
[2025-04-01 13:04:58] Stored hashed password length: 60
[2025-04-01 13:04:58] Attempting password verification
[2025-04-01 13:04:58] Password verification result: SUCCESS
[2025-04-01 13:04:58] Password verified successfully
[2025-04-01 13:04:58] Session variables set: Array
(
    [loggedin] => 1
    [username] => Soul
    [user_id] => 1
)

[2025-04-01 13:04:58] About to redirect to home page
[2025-04-01 13:15:20] Login page accessed
[2025-04-01 13:15:20] SESSION at start: Array
(
)

[2025-04-01 13:15:20] Database connection: SUCCESS
[2025-04-01 13:15:20] Rendering login form
[2025-04-01 13:15:20] Login page fully rendered
[2025-04-01 13:15:23] Login page accessed
[2025-04-01 13:15:23] SESSION at start: Array
(
)

[2025-04-01 13:15:23] Database connection: SUCCESS
[2025-04-01 13:15:23] Form submitted via POST
[2025-04-01 13:15:23] POST data: Array
(
    [username] => Soul
    [password] => MR=EQ2.z)BxA;Rt
)

[2025-04-01 13:15:23] Username entered: Soul
[2025-04-01 13:15:23] Password entered: NOT EMPTY
[2025-04-01 13:15:23] Username validated: Soul
[2025-04-01 13:15:23] Password provided (not logged for security)
[2025-04-01 13:15:23] Username and password provided, proceeding with validation
[2025-04-01 13:15:23] SQL query: SELECT id, username, password FROM users WHERE username = ?
[2025-04-01 13:15:23] SQL statement prepared successfully
[2025-04-01 13:15:23] Parameter bound: username = Soul
[2025-04-01 13:15:23] Executing SQL statement
[2025-04-01 13:15:23] SQL statement executed successfully
[2025-04-01 13:15:23] Number of matching rows: 1
[2025-04-01 13:15:23] Username found in database
[2025-04-01 13:15:23] Result variables bound
[2025-04-01 13:15:23] Data fetched from statement
[2025-04-01 13:15:23] User ID: 1, Username: Soul
[2025-04-01 13:15:23] Stored hashed password length: 60
[2025-04-01 13:15:23] Attempting password verification
[2025-04-01 13:15:23] Password verification result: SUCCESS
[2025-04-01 13:15:23] Password verified successfully
[2025-04-01 13:15:23] Session variables set: Array
(
    [loggedin] => 1
    [username] => Soul
    [user_id] => 1
)

[2025-04-01 13:15:23] About to redirect to home page
[2025-04-01 13:15:27] Login page accessed
[2025-04-01 13:15:27] SESSION at start: Array
(
)

[2025-04-01 13:15:27] Database connection: SUCCESS
[2025-04-01 13:15:27] Rendering login form
[2025-04-01 13:15:27] Login page fully rendered
[2025-04-01 13:16:35] Login page accessed
[2025-04-01 13:16:35] SESSION at start: Array
(
)

[2025-04-01 13:16:35] Database connection: SUCCESS
[2025-04-01 13:16:35] Rendering login form
[2025-04-01 13:16:35] Login page fully rendered
[2025-04-01 13:16:37] Login page accessed
[2025-04-01 13:16:37] SESSION at start: Array
(
)

[2025-04-01 13:16:37] Database connection: SUCCESS
[2025-04-01 13:16:37] Rendering login form
[2025-04-01 13:16:37] Login page fully rendered
[2025-04-01 13:16:42] Login page accessed
[2025-04-01 13:16:42] SESSION at start: Array
(
)

[2025-04-01 13:16:42] Database connection: SUCCESS
[2025-04-01 13:16:42] Rendering login form
[2025-04-01 13:16:42] Login page fully rendered
[2025-04-01 13:16:51] Login page accessed
[2025-04-01 13:16:51] SESSION at start: Array
(
)

[2025-04-01 13:16:51] Database connection: SUCCESS
[2025-04-01 13:16:51] Rendering login form
[2025-04-01 13:16:51] Login page fully rendered
[2025-04-01 13:16:55] Login page accessed
[2025-04-01 13:16:55] SESSION at start: Array
(
)

[2025-04-01 13:16:55] Database connection: SUCCESS
[2025-04-01 13:16:55] Rendering login form
[2025-04-01 13:16:55] Login page fully rendered
[2025-04-01 14:17:19] Login page accessed
[2025-04-01 14:17:19] SESSION at start: Array
(
)

[2025-04-01 14:17:19] Database connection: SUCCESS
[2025-04-01 14:17:19] Rendering login form
[2025-04-01 14:17:19] Login page fully rendered
[2025-04-01 15:54:44] Login page accessed
[2025-04-01 15:54:44] SESSION at start: Array
(
)

[2025-04-01 15:54:44] Database connection: SUCCESS
[2025-04-01 15:54:44] Rendering login form
[2025-04-01 15:54:44] Login page fully rendered
[2025-04-01 15:54:45] Login page accessed
[2025-04-01 15:54:45] SESSION at start: Array
(
)

[2025-04-01 15:54:45] Database connection: SUCCESS
[2025-04-01 15:54:45] Form submitted via POST
[2025-04-01 15:54:45] POST data: Array
(
    [username] => Soul
    [password] => MR=EQ2.z)BxA;Rt
)

[2025-04-01 15:54:45] Username entered: Soul
[2025-04-01 15:54:45] Password entered: NOT EMPTY
[2025-04-01 15:54:45] Username validated: Soul
[2025-04-01 15:54:45] Password provided (not logged for security)
[2025-04-01 15:54:45] Username and password provided, proceeding with validation
[2025-04-01 15:54:45] SQL query: SELECT id, username, password FROM users WHERE username = ?
[2025-04-01 15:54:45] SQL statement prepared successfully
[2025-04-01 15:54:45] Parameter bound: username = Soul
[2025-04-01 15:54:45] Executing SQL statement
[2025-04-01 15:54:45] SQL statement executed successfully
[2025-04-01 15:54:45] Number of matching rows: 1
[2025-04-01 15:54:45] Username found in database
[2025-04-01 15:54:45] Result variables bound
[2025-04-01 15:54:45] Data fetched from statement
[2025-04-01 15:54:45] User ID: 1, Username: Soul
[2025-04-01 15:54:45] Stored hashed password length: 60
[2025-04-01 15:54:45] Attempting password verification
[2025-04-01 15:54:45] Password verification result: SUCCESS
[2025-04-01 15:54:45] Password verified successfully
[2025-04-01 15:54:45] Session variables set: Array
(
    [loggedin] => 1
    [username] => Soul
    [user_id] => 1
)

[2025-04-01 15:54:45] About to redirect to home page
[2025-04-01 16:09:37] Login page accessed
[2025-04-01 16:09:37] SESSION at start: Array
(
)

[2025-04-01 16:09:37] Database connection: SUCCESS
[2025-04-01 16:09:37] Rendering login form
[2025-04-01 16:09:37] Login page fully rendered
[2025-04-01 16:09:39] Login page accessed
[2025-04-01 16:09:39] SESSION at start: Array
(
)

[2025-04-01 16:09:39] Database connection: SUCCESS
[2025-04-01 16:09:39] Form submitted via POST
[2025-04-01 16:09:39] POST data: Array
(
    [username] => Soul
    [password] => MR=EQ2.z)BxA;Rt
)

[2025-04-01 16:09:39] Username entered: Soul
[2025-04-01 16:09:39] Password entered: NOT EMPTY
[2025-04-01 16:09:39] Username validated: Soul
[2025-04-01 16:09:39] Password provided (not logged for security)
[2025-04-01 16:09:39] Username and password provided, proceeding with validation
[2025-04-01 16:09:39] SQL query: SELECT id, username, password FROM users WHERE username = ?
[2025-04-01 16:09:39] SQL statement prepared successfully
[2025-04-01 16:09:39] Parameter bound: username = Soul
[2025-04-01 16:09:39] Executing SQL statement
[2025-04-01 16:09:39] SQL statement executed successfully
[2025-04-01 16:09:39] Number of matching rows: 1
[2025-04-01 16:09:39] Username found in database
[2025-04-01 16:09:39] Result variables bound
[2025-04-01 16:09:39] Data fetched from statement
[2025-04-01 16:09:39] User ID: 1, Username: Soul
[2025-04-01 16:09:39] Stored hashed password length: 60
[2025-04-01 16:09:39] Attempting password verification
[2025-04-01 16:09:39] Password verification result: SUCCESS
[2025-04-01 16:09:39] Password verified successfully
[2025-04-01 16:09:39] Session variables set: Array
(
    [loggedin] => 1
    [username] => Soul
    [user_id] => 1
)

[2025-04-01 16:09:39] About to redirect to home page
[2025-04-01 16:11:15] Login page accessed
[2025-04-01 16:11:15] SESSION at start: Array
(
)

[2025-04-01 16:11:15] Database connection: SUCCESS
[2025-04-01 16:11:15] Rendering login form
[2025-04-01 16:11:15] Login page fully rendered
[2025-04-01 16:11:17] Login page accessed
[2025-04-01 16:11:17] SESSION at start: Array
(
)

[2025-04-01 16:11:17] Database connection: SUCCESS
[2025-04-01 16:11:17] Form submitted via POST
[2025-04-01 16:11:17] POST data: Array
(
    [username] => Soul
    [password] => MR=EQ2.z)BxA;Rt
)

[2025-04-01 16:11:17] Username entered: Soul
[2025-04-01 16:11:17] Password entered: NOT EMPTY
[2025-04-01 16:11:17] Username validated: Soul
[2025-04-01 16:11:17] Password provided (not logged for security)
[2025-04-01 16:11:17] Username and password provided, proceeding with validation
[2025-04-01 16:11:17] SQL query: SELECT id, username, password FROM users WHERE username = ?
[2025-04-01 16:11:17] SQL statement prepared successfully
[2025-04-01 16:11:17] Parameter bound: username = Soul
[2025-04-01 16:11:17] Executing SQL statement
[2025-04-01 16:11:17] SQL statement executed successfully
[2025-04-01 16:11:17] Number of matching rows: 1
[2025-04-01 16:11:17] Username found in database
[2025-04-01 16:11:17] Result variables bound
[2025-04-01 16:11:17] Data fetched from statement
[2025-04-01 16:11:17] User ID: 1, Username: Soul
[2025-04-01 16:11:17] Stored hashed password length: 60
[2025-04-01 16:11:17] Attempting password verification
[2025-04-01 16:11:18] Password verification result: SUCCESS
[2025-04-01 16:11:18] Password verified successfully
[2025-04-01 16:11:18] Session variables set: Array
(
    [loggedin] => 1
    [username] => Soul
    [user_id] => 1
)

[2025-04-01 16:11:18] About to redirect to home page
[2025-04-01 16:11:26] Login page accessed
[2025-04-01 16:11:26] SESSION at start: Array
(
)

[2025-04-01 16:11:26] Database connection: SUCCESS
[2025-04-01 16:11:26] Rendering login form
[2025-04-01 16:11:26] Login page fully rendered
[2025-04-01 16:11:28] Login page accessed
[2025-04-01 16:11:28] SESSION at start: Array
(
)

[2025-04-01 16:11:28] Database connection: SUCCESS
[2025-04-01 16:11:28] Form submitted via POST
[2025-04-01 16:11:28] POST data: Array
(
    [username] => Soul
    [password] => MR=EQ2.z)BxA;Rt
)

[2025-04-01 16:11:28] Username entered: Soul
[2025-04-01 16:11:28] Password entered: NOT EMPTY
[2025-04-01 16:11:28] Username validated: Soul
[2025-04-01 16:11:28] Password provided (not logged for security)
[2025-04-01 16:11:28] Username and password provided, proceeding with validation
[2025-04-01 16:11:28] SQL query: SELECT id, username, password FROM users WHERE username = ?
[2025-04-01 16:11:28] SQL statement prepared successfully
[2025-04-01 16:11:28] Parameter bound: username = Soul
[2025-04-01 16:11:28] Executing SQL statement
[2025-04-01 16:11:28] SQL statement executed successfully
[2025-04-01 16:11:28] Number of matching rows: 1
[2025-04-01 16:11:28] Username found in database
[2025-04-01 16:11:28] Result variables bound
[2025-04-01 16:11:28] Data fetched from statement
[2025-04-01 16:11:28] User ID: 1, Username: Soul
[2025-04-01 16:11:28] Stored hashed password length: 60
[2025-04-01 16:11:28] Attempting password verification
[2025-04-01 16:11:28] Password verification result: SUCCESS
[2025-04-01 16:11:28] Password verified successfully
[2025-04-01 16:11:28] Session variables set: Array
(
    [loggedin] => 1
    [username] => Soul
    [user_id] => 1
)

[2025-04-01 16:11:28] About to redirect to home page
[2025-04-01 16:15:13] Login page accessed
[2025-04-01 16:15:13] SESSION at start: Array
(
)

[2025-04-01 16:15:13] Database connection: SUCCESS
[2025-04-01 16:15:13] Rendering login form
[2025-04-01 16:15:13] Login page fully rendered
[2025-04-01 16:41:38] Login page accessed
[2025-04-01 16:41:38] SESSION at start: Array
(
)

[2025-04-01 16:41:38] Database connection: SUCCESS
[2025-04-01 16:41:38] Rendering login form
[2025-04-01 16:41:38] Login page fully rendered
[2025-04-01 22:28:39] Login page accessed
[2025-04-01 22:28:39] SESSION at start: Array
(
)

[2025-04-01 22:28:39] Database connection: SUCCESS
[2025-04-01 22:28:39] Rendering login form
[2025-04-01 22:28:39] Login page fully rendered
[2025-04-01 22:28:48] Login page accessed
[2025-04-01 22:28:48] SESSION at start: Array
(
)

[2025-04-01 22:28:48] Database connection: SUCCESS
[2025-04-01 22:28:48] Form submitted via POST
[2025-04-01 22:28:48] POST data: Array
(
    [username] => Soul
    [password] => MR=EQ2.z)BxA;Rt
)

[2025-04-01 22:28:48] Username entered: Soul
[2025-04-01 22:28:48] Password entered: NOT EMPTY
[2025-04-01 22:28:48] Username validated: Soul
[2025-04-01 22:28:48] Password provided (not logged for security)
[2025-04-01 22:28:48] Username and password provided, proceeding with validation
[2025-04-01 22:28:48] SQL query: SELECT id, username, password FROM users WHERE username = ?
[2025-04-01 22:28:48] SQL statement prepared successfully
[2025-04-01 22:28:48] Parameter bound: username = Soul
[2025-04-01 22:28:48] Executing SQL statement
[2025-04-01 22:28:48] SQL statement executed successfully
[2025-04-01 22:28:48] Number of matching rows: 1
[2025-04-01 22:28:48] Username found in database
[2025-04-01 22:28:48] Result variables bound
[2025-04-01 22:28:48] Data fetched from statement
[2025-04-01 22:28:48] User ID: 1, Username: Soul
[2025-04-01 22:28:48] Stored hashed password length: 60
[2025-04-01 22:28:48] Attempting password verification
[2025-04-01 22:28:48] Password verification result: SUCCESS
[2025-04-01 22:28:48] Password verified successfully
[2025-04-01 22:28:48] Session variables set: Array
(
    [loggedin] => 1
    [username] => Soul
    [user_id] => 1
)

[2025-04-01 22:28:48] About to redirect to home page
[2025-04-02 00:05:23] Login page accessed
[2025-04-02 00:05:23] SESSION at start: Array
(
)

[2025-04-02 00:05:23] Database connection: SUCCESS
[2025-04-02 00:05:23] Rendering login form
[2025-04-02 00:05:23] Login page fully rendered
[2025-04-02 00:05:25] Login page accessed
[2025-04-02 00:05:25] SESSION at start: Array
(
)

[2025-04-02 00:05:25] Database connection: SUCCESS
[2025-04-02 00:05:25] Form submitted via POST
[2025-04-02 00:05:25] POST data: Array
(
    [username] => Soul
    [password] => MR=EQ2.z)BxA;Rt
)

[2025-04-02 00:05:25] Username entered: Soul
[2025-04-02 00:05:25] Password entered: NOT EMPTY
[2025-04-02 00:05:25] Username validated: Soul
[2025-04-02 00:05:25] Password provided (not logged for security)
[2025-04-02 00:05:25] Username and password provided, proceeding with validation
[2025-04-02 00:05:25] SQL query: SELECT id, username, password FROM users WHERE username = ?
[2025-04-02 00:05:25] SQL statement prepared successfully
[2025-04-02 00:05:25] Parameter bound: username = Soul
[2025-04-02 00:05:25] Executing SQL statement
[2025-04-02 00:05:25] SQL statement executed successfully
[2025-04-02 00:05:25] Number of matching rows: 1
[2025-04-02 00:05:25] Username found in database
[2025-04-02 00:05:25] Result variables bound
[2025-04-02 00:05:25] Data fetched from statement
[2025-04-02 00:05:25] User ID: 1, Username: Soul
[2025-04-02 00:05:25] Stored hashed password length: 60
[2025-04-02 00:05:25] Attempting password verification
[2025-04-02 00:05:25] Password verification result: SUCCESS
[2025-04-02 00:05:25] Password verified successfully
[2025-04-02 00:05:25] Session variables set: Array
(
    [loggedin] => 1
    [username] => Soul
    [user_id] => 1
)

[2025-04-02 00:05:25] About to redirect to home page
[2025-04-02 00:05:33] Login page accessed
[2025-04-02 00:05:33] SESSION at start: Array
(
)

[2025-04-02 00:05:33] Database connection: SUCCESS
[2025-04-02 00:05:33] Rendering login form
[2025-04-02 00:05:33] Login page fully rendered
[2025-04-02 00:28:41] Login page accessed
[2025-04-02 00:28:41] SESSION at start: Array
(
)

[2025-04-02 00:28:41] Database connection: SUCCESS
[2025-04-02 00:28:41] Rendering login form
[2025-04-02 00:28:41] Login page fully rendered
[2025-04-02 08:13:58] Login page accessed
[2025-04-02 08:13:58] SESSION at start: Array
(
)

[2025-04-02 08:13:58] Database connection: SUCCESS
[2025-04-02 08:13:58] Rendering login form
[2025-04-02 08:13:58] Login page fully rendered
[2025-04-02 11:47:31] Login page accessed
[2025-04-02 11:47:31] SESSION at start: Array
(
)

[2025-04-02 11:47:31] Database connection: SUCCESS
[2025-04-02 11:47:31] Rendering login form
[2025-04-02 11:47:31] Login page fully rendered
[2025-04-02 11:47:35] Login page accessed
[2025-04-02 11:47:35] SESSION at start: Array
(
)

[2025-04-02 11:47:35] Database connection: SUCCESS
[2025-04-02 11:47:35] Form submitted via POST
[2025-04-02 11:47:35] POST data: Array
(
    [username] => Soul
    [password] => MR=EQ2.z)BxA;Rt
)

[2025-04-02 11:47:35] Username entered: Soul
[2025-04-02 11:47:35] Password entered: NOT EMPTY
[2025-04-02 11:47:35] Username validated: Soul
[2025-04-02 11:47:35] Password provided (not logged for security)
[2025-04-02 11:47:35] Username and password provided, proceeding with validation
[2025-04-02 11:47:35] SQL query: SELECT id, username, password FROM users WHERE username = ?
[2025-04-02 11:47:35] SQL statement prepared successfully
[2025-04-02 11:47:35] Parameter bound: username = Soul
[2025-04-02 11:47:35] Executing SQL statement
[2025-04-02 11:47:35] SQL statement executed successfully
[2025-04-02 11:47:35] Number of matching rows: 1
[2025-04-02 11:47:35] Username found in database
[2025-04-02 11:47:35] Result variables bound
[2025-04-02 11:47:35] Data fetched from statement
[2025-04-02 11:47:35] User ID: 1, Username: Soul
[2025-04-02 11:47:35] Stored hashed password length: 60
[2025-04-02 11:47:35] Attempting password verification
[2025-04-02 11:47:35] Password verification result: SUCCESS
[2025-04-02 11:47:35] Password verified successfully
[2025-04-02 11:47:35] Session variables set: Array
(
    [loggedin] => 1
    [username] => Soul
    [user_id] => 1
)

[2025-04-02 11:47:35] About to redirect to home page
[2025-04-02 16:52:16] Login page accessed
[2025-04-02 16:52:16] SESSION at start: Array
(
)

[2025-04-02 16:52:16] Database connection: SUCCESS
[2025-04-02 16:52:16] Rendering login form
[2025-04-02 16:52:16] Login page fully rendered
[2025-04-02 16:52:17] Login page accessed
[2025-04-02 16:52:17] SESSION at start: Array
(
)

[2025-04-02 16:52:17] Database connection: SUCCESS
[2025-04-02 16:52:17] Form submitted via POST
[2025-04-02 16:52:17] POST data: Array
(
    [username] => Soul
    [password] => MR=EQ2.z)BxA;Rt
)

[2025-04-02 16:52:17] Username entered: Soul
[2025-04-02 16:52:17] Password entered: NOT EMPTY
[2025-04-02 16:52:17] Username validated: Soul
[2025-04-02 16:52:17] Password provided (not logged for security)
[2025-04-02 16:52:17] Username and password provided, proceeding with validation
[2025-04-02 16:52:17] SQL query: SELECT id, username, password FROM users WHERE username = ?
[2025-04-02 16:52:17] SQL statement prepared successfully
[2025-04-02 16:52:17] Parameter bound: username = Soul
[2025-04-02 16:52:17] Executing SQL statement
[2025-04-02 16:52:17] SQL statement executed successfully
[2025-04-02 16:52:17] Number of matching rows: 1
[2025-04-02 16:52:17] Username found in database
[2025-04-02 16:52:17] Result variables bound
[2025-04-02 16:52:17] Data fetched from statement
[2025-04-02 16:52:17] User ID: 1, Username: Soul
[2025-04-02 16:52:17] Stored hashed password length: 60
[2025-04-02 16:52:17] Attempting password verification
[2025-04-02 16:52:17] Password verification result: SUCCESS
[2025-04-02 16:52:17] Password verified successfully
[2025-04-02 16:52:17] Session variables set: Array
(
    [loggedin] => 1
    [username] => Soul
    [user_id] => 1
)

[2025-04-02 16:52:17] About to redirect to home page
[2025-04-02 16:56:58] Login page accessed
[2025-04-02 16:56:58] SESSION at start: Array
(
)

[2025-04-02 16:56:58] Database connection: SUCCESS
[2025-04-02 16:56:58] Rendering login form
[2025-04-02 16:56:58] Login page fully rendered
[2025-04-02 16:57:00] Login page accessed
[2025-04-02 16:57:00] SESSION at start: Array
(
)

[2025-04-02 16:57:00] Database connection: SUCCESS
[2025-04-02 16:57:00] Form submitted via POST
[2025-04-02 16:57:00] POST data: Array
(
    [username] => Soul
    [password] => MR=EQ2.z)BxA;Rt
)

[2025-04-02 16:57:00] Username entered: Soul
[2025-04-02 16:57:00] Password entered: NOT EMPTY
[2025-04-02 16:57:00] Username validated: Soul
[2025-04-02 16:57:00] Password provided (not logged for security)
[2025-04-02 16:57:00] Username and password provided, proceeding with validation
[2025-04-02 16:57:00] SQL query: SELECT id, username, password FROM users WHERE username = ?
[2025-04-02 16:57:00] SQL statement prepared successfully
[2025-04-02 16:57:00] Parameter bound: username = Soul
[2025-04-02 16:57:00] Executing SQL statement
[2025-04-02 16:57:00] SQL statement executed successfully
[2025-04-02 16:57:00] Number of matching rows: 1
[2025-04-02 16:57:00] Username found in database
[2025-04-02 16:57:00] Result variables bound
[2025-04-02 16:57:00] Data fetched from statement
[2025-04-02 16:57:00] User ID: 1, Username: Soul
[2025-04-02 16:57:00] Stored hashed password length: 60
[2025-04-02 16:57:00] Attempting password verification
[2025-04-02 16:57:00] Password verification result: SUCCESS
[2025-04-02 16:57:00] Password verified successfully
[2025-04-02 16:57:00] Session variables set: Array
(
    [loggedin] => 1
    [username] => Soul
    [user_id] => 1
)

[2025-04-02 16:57:00] About to redirect to home page
[2025-04-02 16:57:34] Login page accessed
[2025-04-02 16:57:34] SESSION at start: Array
(
    [loggedin] => 1
    [username] => Soul
    [user_id] => 1
)

[2025-04-02 16:57:34] User already logged in - redirecting to mediatracker
[2025-04-02 16:57:35] Login page accessed
[2025-04-02 16:57:35] SESSION at start: Array
(
    [loggedin] => 1
    [username] => Soul
    [user_id] => 1
)

[2025-04-02 16:57:35] User already logged in - redirecting to mediatracker
[2025-04-02 16:57:36] Login page accessed
[2025-04-02 16:57:36] SESSION at start: Array
(
    [loggedin] => 1
    [username] => Soul
    [user_id] => 1
)

[2025-04-02 16:57:36] User already logged in - redirecting to mediatracker
[2025-04-02 16:57:54] Login page accessed
[2025-04-02 16:57:54] SESSION at start: Array
(
    [loggedin] => 1
    [username] => Soul
    [user_id] => 1
)

[2025-04-02 16:57:54] User already logged in - redirecting to mediatracker
[2025-04-02 16:59:15] Login page accessed
[2025-04-02 16:59:15] SESSION at start: Array
(
    [loggedin] => 1
    [username] => Soul
    [user_id] => 1
)

[2025-04-02 16:59:15] User already logged in - redirecting to mediatracker
[2025-04-02 16:59:16] Login page accessed
[2025-04-02 16:59:16] SESSION at start: Array
(
    [loggedin] => 1
    [username] => Soul
    [user_id] => 1
)

[2025-04-02 16:59:16] User already logged in - redirecting to mediatracker
[2025-04-02 16:59:35] Login page accessed
[2025-04-02 16:59:35] SESSION at start: Array
(
    [loggedin] => 1
    [username] => Soul
    [user_id] => 1
)

[2025-04-02 16:59:35] User already logged in - redirecting to mediatracker
[2025-04-02 16:59:36] Login page accessed
[2025-04-02 16:59:36] SESSION at start: Array
(
    [loggedin] => 1
    [username] => Soul
    [user_id] => 1
)

[2025-04-02 16:59:36] User already logged in - redirecting to mediatracker
[2025-04-02 16:59:38] Login page accessed
[2025-04-02 16:59:38] SESSION at start: Array
(
    [loggedin] => 1
    [username] => Soul
    [user_id] => 1
)

[2025-04-02 16:59:38] User already logged in - redirecting to mediatracker
[2025-04-02 16:59:48] Login page accessed
[2025-04-02 16:59:48] SESSION at start: Array
(
)

[2025-04-02 16:59:48] Database connection: SUCCESS
[2025-04-02 16:59:48] Rendering login form
[2025-04-02 16:59:48] Login page fully rendered
[2025-04-02 16:59:49] Login page accessed
[2025-04-02 16:59:49] SESSION at start: Array
(
)

[2025-04-02 16:59:49] Database connection: SUCCESS
[2025-04-02 16:59:49] Form submitted via POST
[2025-04-02 16:59:49] POST data: Array
(
    [username] => Soul
    [password] => MR=EQ2.z)BxA;Rt
)

[2025-04-02 16:59:49] Username entered: Soul
[2025-04-02 16:59:49] Password entered: NOT EMPTY
[2025-04-02 16:59:49] Username validated: Soul
[2025-04-02 16:59:49] Password provided (not logged for security)
[2025-04-02 16:59:49] Username and password provided, proceeding with validation
[2025-04-02 16:59:49] SQL query: SELECT id, username, password FROM users WHERE username = ?
[2025-04-02 16:59:49] SQL statement prepared successfully
[2025-04-02 16:59:49] Parameter bound: username = Soul
[2025-04-02 16:59:49] Executing SQL statement
[2025-04-02 16:59:49] SQL statement executed successfully
[2025-04-02 16:59:49] Number of matching rows: 1
[2025-04-02 16:59:49] Username found in database
[2025-04-02 16:59:49] Result variables bound
[2025-04-02 16:59:49] Data fetched from statement
[2025-04-02 16:59:49] User ID: 1, Username: Soul
[2025-04-02 16:59:49] Stored hashed password length: 60
[2025-04-02 16:59:49] Attempting password verification
[2025-04-02 16:59:49] Password verification result: SUCCESS
[2025-04-02 16:59:49] Password verified successfully
[2025-04-02 16:59:49] Session variables set: Array
(
    [loggedin] => 1
    [username] => Soul
    [user_id] => 1
)

[2025-04-02 16:59:49] About to redirect to home page
[2025-04-02 17:01:03] Login page accessed
[2025-04-02 17:01:03] SESSION at start: Array
(
    [loggedin] => 1
    [username] => Soul
    [user_id] => 1
)

[2025-04-02 17:01:03] User already logged in - redirecting to mediatracker
[2025-04-02 17:06:14] Login page accessed
[2025-04-02 17:06:14] SESSION at start: Array
(
    [loggedin] => 1
    [username] => Soul
    [user_id] => 1
)

[2025-04-02 17:06:14] User already logged in - redirecting to mediatracker
[2025-04-02 17:06:15] Login page accessed
[2025-04-02 17:06:15] SESSION at start: Array
(
    [loggedin] => 1
    [username] => Soul
    [user_id] => 1
)

[2025-04-02 17:06:15] User already logged in - redirecting to mediatracker
[2025-04-02 17:07:26] Login page accessed
[2025-04-02 17:07:26] SESSION at start: Array
(
)

[2025-04-02 17:07:26] Database connection: SUCCESS
[2025-04-02 17:07:26] Rendering login form
[2025-04-02 17:07:26] Login page fully rendered
[2025-04-02 17:07:27] Login page accessed
[2025-04-02 17:07:27] SESSION at start: Array
(
)

[2025-04-02 17:07:27] Database connection: SUCCESS
[2025-04-02 17:07:27] Form submitted via POST
[2025-04-02 17:07:27] POST data: Array
(
    [username] => Soul
    [password] => MR=EQ2.z)BxA;Rt
)

[2025-04-02 17:07:27] Username entered: Soul
[2025-04-02 17:07:27] Password entered: NOT EMPTY
[2025-04-02 17:07:27] Username validated: Soul
[2025-04-02 17:07:27] Password provided (not logged for security)
[2025-04-02 17:07:27] Username and password provided, proceeding with validation
[2025-04-02 17:07:27] SQL query: SELECT id, username, password FROM users WHERE username = ?
[2025-04-02 17:07:27] SQL statement prepared successfully
[2025-04-02 17:07:27] Parameter bound: username = Soul
[2025-04-02 17:07:27] Executing SQL statement
[2025-04-02 17:07:27] SQL statement executed successfully
[2025-04-02 17:07:27] Number of matching rows: 1
[2025-04-02 17:07:27] Username found in database
[2025-04-02 17:07:27] Result variables bound
[2025-04-02 17:07:27] Data fetched from statement
[2025-04-02 17:07:27] User ID: 1, Username: Soul
[2025-04-02 17:07:27] Stored hashed password length: 60
[2025-04-02 17:07:27] Attempting password verification
[2025-04-02 17:07:27] Password verification result: SUCCESS
[2025-04-02 17:07:27] Password verified successfully
[2025-04-02 17:07:27] Session variables set: Array
(
    [loggedin] => 1
    [username] => Soul
    [user_id] => 1
)

[2025-04-02 17:07:27] About to redirect to home page
[2025-04-02 18:18:52] Login page accessed
[2025-04-02 18:18:52] SESSION at start: Array
(
)

[2025-04-02 18:18:52] Database connection: SUCCESS
[2025-04-02 18:18:52] Rendering login form
[2025-04-02 18:18:52] Login page fully rendered
[2025-04-02 18:18:56] Login page accessed
[2025-04-02 18:18:56] SESSION at start: Array
(
)

[2025-04-02 18:18:56] Database connection: SUCCESS
[2025-04-02 18:18:56] Rendering login form
[2025-04-02 18:18:56] Login page fully rendered
[2025-04-02 18:18:57] Login page accessed
[2025-04-02 18:18:57] SESSION at start: Array
(
)

[2025-04-02 18:18:57] Database connection: SUCCESS
[2025-04-02 18:18:57] Form submitted via POST
[2025-04-02 18:18:57] POST data: Array
(
    [username] => Soul
    [password] => MR=EQ2.z)BxA;Rt
)

[2025-04-02 18:18:57] Username entered: Soul
[2025-04-02 18:18:57] Password entered: NOT EMPTY
[2025-04-02 18:18:57] Username validated: Soul
[2025-04-02 18:18:57] Password provided (not logged for security)
[2025-04-02 18:18:57] Username and password provided, proceeding with validation
[2025-04-02 18:18:57] SQL query: SELECT id, username, password FROM users WHERE username = ?
[2025-04-02 18:18:57] SQL statement prepared successfully
[2025-04-02 18:18:57] Parameter bound: username = Soul
[2025-04-02 18:18:57] Executing SQL statement
[2025-04-02 18:18:57] SQL statement executed successfully
[2025-04-02 18:18:57] Number of matching rows: 1
[2025-04-02 18:18:57] Username found in database
[2025-04-02 18:18:57] Result variables bound
[2025-04-02 18:18:57] Data fetched from statement
[2025-04-02 18:18:57] User ID: 1, Username: Soul
[2025-04-02 18:18:57] Stored hashed password length: 60
[2025-04-02 18:18:57] Attempting password verification
[2025-04-02 18:18:57] Password verification result: SUCCESS
[2025-04-02 18:18:57] Password verified successfully
[2025-04-02 18:18:57] Session variables set: Array
(
    [loggedin] => 1
    [username] => Soul
    [user_id] => 1
)

[2025-04-02 18:18:57] About to redirect to home page
[2025-04-02 18:40:32] Login page accessed
[2025-04-02 18:40:32] SESSION at start: Array
(
)

[2025-04-02 18:40:32] Database connection: SUCCESS
[2025-04-02 18:40:32] Rendering login form
[2025-04-02 18:40:32] Login page fully rendered
[2025-04-02 18:40:33] Login page accessed
[2025-04-02 18:40:33] SESSION at start: Array
(
)

[2025-04-02 18:40:33] Database connection: SUCCESS
[2025-04-02 18:40:33] Form submitted via POST
[2025-04-02 18:40:33] POST data: Array
(
    [username] => Soul
    [password] => MR=EQ2.z)BxA;Rt
)

[2025-04-02 18:40:33] Username entered: Soul
[2025-04-02 18:40:33] Password entered: NOT EMPTY
[2025-04-02 18:40:33] Username validated: Soul
[2025-04-02 18:40:33] Password provided (not logged for security)
[2025-04-02 18:40:33] Username and password provided, proceeding with validation
[2025-04-02 18:40:33] SQL query: SELECT id, username, password FROM users WHERE username = ?
[2025-04-02 18:40:33] SQL statement prepared successfully
[2025-04-02 18:40:33] Parameter bound: username = Soul
[2025-04-02 18:40:33] Executing SQL statement
[2025-04-02 18:40:33] SQL statement executed successfully
[2025-04-02 18:40:33] Number of matching rows: 1
[2025-04-02 18:40:33] Username found in database
[2025-04-02 18:40:33] Result variables bound
[2025-04-02 18:40:33] Data fetched from statement
[2025-04-02 18:40:33] User ID: 1, Username: Soul
[2025-04-02 18:40:33] Stored hashed password length: 60
[2025-04-02 18:40:33] Attempting password verification
[2025-04-02 18:40:33] Password verification result: SUCCESS
[2025-04-02 18:40:33] Password verified successfully
[2025-04-02 18:40:33] Session variables set: Array
(
    [loggedin] => 1
    [username] => Soul
    [user_id] => 1
)

[2025-04-02 18:40:33] About to redirect to home page
